# JRE version: OpenJDK Runtime Environment Microsoft-10800295 (17.0.14+7) (build 17.0.14+7-LTS)
# Java VM: OpenJDK 64-Bit Server VM Microsoft-10800295 (17.0.14+7-LTS, mixed mode, sharing, tiered, compressed oops, compressed class ptrs, g1 gc, windows-amd64)
GC Precious Log:
 CPUs: 12 total, 12 available
 Memory: 16205M
 Large Page Support: Disabled
 NUMA Support: Disabled
 Compressed Oops: Enabled (32-bit)
 Heap Region Size: 1M
 Heap Min Capacity: 8M
 Heap Initial Capacity: 254M
 Heap Max Capacity: 1G
 Pre-touch: Disabled
 Parallel Workers: 10
 Concurrent Workers: 3
 Concurrent Refinement Workers: 10
 Periodic GC: Disabled
Heap:
 garbage-first heap   total 425984K, used 300032K [0x00000000c0000000, 0x0000000100000000)
  region size 1024K, 122 young (124928K), 19 survivors (19456K)
 Metaspace       used 12079K, committed 12288K, reserved 1114112K
  class space    used 1532K, committed 1664K, reserved 1048576K
GC Heap History (20 events):
Event: 1.143 GC heap before
{Heap before GC invocations=1 (full 0):
 garbage-first heap   total 260096K, used 34565K [0x00000000c0000000, 0x0000000100000000)
  region size 1024K, 23 young (23552K), 3 survivors (3072K)
 Metaspace       used 5726K, committed 5824K, reserved 1114112K
  class space    used 646K, committed 704K, reserved 1048576K
}
Event: 1.148 GC heap after
{Heap after GC invocations=2 (full 0):
 garbage-first heap   total 260096K, used 13307K [0x00000000c0000000, 0x0000000100000000)
  region size 1024K, 3 young (3072K), 3 survivors (3072K)
 Metaspace       used 5726K, committed 5824K, reserved 1114112K
  class space    used 646K, committed 704K, reserved 1048576K
}
Event: 1.339 GC heap before
{Heap before GC invocations=2 (full 0):
 garbage-first heap   total 260096K, used 58363K [0x00000000c0000000, 0x0000000100000000)
  region size 1024K, 47 young (48128K), 3 survivors (3072K)
 Metaspace       used 5751K, committed 5888K, reserved 1114112K
  class space    used 646K, committed 704K, reserved 1048576K
}
Event: 1.346 GC heap after
{Heap after GC invocations=3 (full 0):
 garbage-first heap   total 260096K, used 25421K [0x00000000c0000000, 0x0000000100000000)
  region size 1024K, 6 young (6144K), 6 survivors (6144K)
 Metaspace       used 5751K, committed 5888K, reserved 1114112K
  class space    used 646K, committed 704K, reserved 1048576K
}
Event: 1.586 GC heap before
{Heap before GC invocations=3 (full 0):
 garbage-first heap   total 260096K, used 93005K [0x00000000c0000000, 0x0000000100000000)
  region size 1024K, 72 young (73728K), 6 survivors (6144K)
 Metaspace       used 5759K, committed 5888K, reserved 1114112K
  class space    used 646K, committed 704K, reserved 1048576K
}
Event: 1.594 GC heap after
{Heap after GC invocations=4 (full 0):
 garbage-first heap   total 260096K, used 43447K [0x00000000c0000000, 0x0000000100000000)
  region size 1024K, 9 young (9216K), 9 survivors (9216K)
 Metaspace       used 5759K, committed 5888K, reserved 1114112K
  class space    used 646K, committed 704K, reserved 1048576K
}
Event: 1.983 GC heap before
{Heap before GC invocations=4 (full 0):
 garbage-first heap   total 260096K, used 127415K [0x00000000c0000000, 0x0000000100000000)
  region size 1024K, 89 young (91136K), 9 survivors (9216K)
 Metaspace       used 7303K, committed 7488K, reserved 1114112K
  class space    used 864K, committed 960K, reserved 1048576K
}
Event: 1.996 GC heap after
{Heap after GC invocations=5 (full 0):
 garbage-first heap   total 260096K, used 66560K [0x00000000c0000000, 0x0000000100000000)
  region size 1024K, 12 young (12288K), 12 survivors (12288K)
 Metaspace       used 7303K, committed 7488K, reserved 1114112K
  class space    used 864K, committed 960K, reserved 1048576K
}
Event: 2.244 GC heap before
{Heap before GC invocations=5 (full 0):
 garbage-first heap   total 260096K, used 153600K [0x00000000c0000000, 0x0000000100000000)
  region size 1024K, 97 young (99328K), 12 survivors (12288K)
 Metaspace       used 7623K, committed 7872K, reserved 1114112K
  class space    used 895K, committed 1024K, reserved 1048576K
}
Event: 2.270 GC heap after
{Heap after GC invocations=6 (full 0):
 garbage-first heap   total 260096K, used 90624K [0x00000000c0000000, 0x0000000100000000)
  region size 1024K, 13 young (13312K), 13 survivors (13312K)
 Metaspace       used 7623K, committed 7872K, reserved 1114112K
  class space    used 895K, committed 1024K, reserved 1048576K
}
Event: 2.378 GC heap before
{Heap before GC invocations=6 (full 0):
 garbage-first heap   total 260096K, used 172544K [0x00000000c0000000, 0x0000000100000000)
  region size 1024K, 90 young (92160K), 13 survivors (13312K)
 Metaspace       used 7650K, committed 7872K, reserved 1114112K
  class space    used 898K, committed 1024K, reserved 1048576K
}
Event: 2.410 GC heap after
{Heap after GC invocations=7 (full 0):
 garbage-first heap   total 260096K, used 113152K [0x00000000c0000000, 0x0000000100000000)
  region size 1024K, 12 young (12288K), 12 survivors (12288K)
 Metaspace       used 7650K, committed 7872K, reserved 1114112K
  class space    used 898K, committed 1024K, reserved 1048576K
}
Event: 2.481 GC heap before
{Heap before GC invocations=7 (full 0):
 garbage-first heap   total 260096K, used 184832K [0x00000000c0000000, 0x0000000100000000)
  region size 1024K, 82 young (83968K), 12 survivors (12288K)
 Metaspace       used 7651K, committed 7872K, reserved 1114112K
  class space    used 898K, committed 1024K, reserved 1048576K
}
Event: 2.509 GC heap after
{Heap after GC invocations=8 (full 0):
 garbage-first heap   total 260096K, used 130048K [0x00000000c0000000, 0x0000000100000000)
  region size 1024K, 11 young (11264K), 11 survivors (11264K)
 Metaspace       used 7651K, committed 7872K, reserved 1114112K
  class space    used 898K, committed 1024K, reserved 1048576K
}
Event: 2.558 GC heap before
{Heap before GC invocations=8 (full 0):
 garbage-first heap   total 260096K, used 176128K [0x00000000c0000000, 0x0000000100000000)
  region size 1024K, 57 young (58368K), 11 survivors (11264K)
 Metaspace       used 7655K, committed 7872K, reserved 1114112K
  class space    used 898K, committed 1024K, reserved 1048576K
}
Event: 2.580 GC heap after
{Heap after GC invocations=9 (full 0):
 garbage-first heap   total 425984K, used 142336K [0x00000000c0000000, 0x0000000100000000)
  region size 1024K, 10 young (10240K), 10 survivors (10240K)
 Metaspace       used 7655K, committed 7872K, reserved 1114112K
  class space    used 898K, committed 1024K, reserved 1048576K
}
Event: 3.108 GC heap before
{Heap before GC invocations=9 (full 0):
 garbage-first heap   total 425984K, used 285696K [0x00000000c0000000, 0x0000000100000000)
  region size 1024K, 150 young (153600K), 10 survivors (10240K)
 Metaspace       used 10148K, committed 10368K, reserved 1114112K
  class space    used 1290K, committed 1408K, reserved 1048576K
}
Event: 3.132 GC heap after
{Heap after GC invocations=10 (full 0):
 garbage-first heap   total 425984K, used 168956K [0x00000000c0000000, 0x0000000100000000)
  region size 1024K, 19 young (19456K), 19 survivors (19456K)
 Metaspace       used 10148K, committed 10368K, reserved 1114112K
  class space    used 1290K, committed 1408K, reserved 1048576K
}
Event: 3.298 GC heap before
{Heap before GC invocations=10 (full 0):
 garbage-first heap   total 425984K, used 302076K [0x00000000c0000000, 0x0000000100000000)
  region size 1024K, 148 young (151552K), 19 survivors (19456K)
 Metaspace       used 10163K, committed 10368K, reserved 1114112K
  class space    used 1290K, committed 1408K, reserved 1048576K
}
Event: 3.320 GC heap after
{Heap after GC invocations=11 (full 0):
 garbage-first heap   total 425984K, used 196608K [0x00000000c0000000, 0x0000000100000000)
  region size 1024K, 19 young (19456K), 19 survivors (19456K)
 Metaspace       used 10163K, committed 10368K, reserved 1114112K
  class space    used 1290K, committed 1408K, reserved 1048576K
}

